<?xml version="1.0" encoding="UTF-8"?>
<testng-results ignored="0" total="1" passed="1" failed="0" skipped="0">
  <reporter-output>
  </reporter-output>
  <suite started-at="2021-07-28T19:36:58 IST" name="Yahoo App Test Automation Suite" finished-at="2021-07-28T19:37:08 IST" duration-ms="9697">
    <groups>
    </groups>
    <test started-at="2021-07-28T19:36:58 IST" name="Yahoo App Test" finished-at="2021-07-28T19:37:08 IST" duration-ms="9697">
      <class name="com.parameters.ParameterTest">
        <test-method signature="yahooLogin(java.lang.String,java.lang.String,java.lang.String,java.lang.String)[pri:0, instance:com.parameters.ParameterTest@71b1176b]" started-at="2021-07-28T19:36:58 IST" name="yahooLogin" finished-at="2021-07-28T19:37:08 IST" duration-ms="9635" status="PASS">
          <params>
            <param index="0">
              <value>
                <![CDATA[QA]]>
              </value>
            </param>
            <param index="1">
              <value>
                <![CDATA[chrome]]>
              </value>
            </param>
            <param index="2">
              <value>
                <![CDATA[https://login.yahoo.com/]]>
              </value>
            </param>
            <param index="3">
              <value>
                <![CDATA[admin@yahoo.com]]>
              </value>
            </param>
          </params>
          <reporter-output>
          </reporter-output>
        </test-method> <!-- yahooLogin -->
      </class> <!-- com.parameters.ParameterTest -->
    </test> <!-- Yahoo App Test -->
  </suite> <!-- Yahoo App Test Automation Suite -->
</testng-results>
